2024-08-01 21:23:26,163{GMT}	INFO	[jepsen test runner] jepsen.core: Command line:
lein run test -w unique-ids --bin ./target/debug/unique_ids --time-limit 30 --rate 1000 --node-count 3 --availability total --nemesis partition
2024-08-01 21:23:26,194{GMT}	INFO	[jepsen test runner] jepsen.core: Running test:
{:args []
 :remote
 #jepsen.control.retry.Remote{:remote #jepsen.control.scp.Remote{:cmd-remote #jepsen.control.sshj.SSHJRemote{:concurrency-limit 6,
                                                                                                             :conn-spec nil,
                                                                                                             :client nil,
                                                                                                             :semaphore nil},
                                                                 :conn-spec nil},
                              :conn nil}
 :log-net-send false
 :node-count 3
 :availability :total
 :max-txn-length 4
 :concurrency 3
 :db
 #object[maelstrom.db$db$reify__16142
         "0x79a15001"
         "maelstrom.db$db$reify__16142@79a15001"]
 :max-writes-per-key 16
 :leave-db-running? false
 :name "unique-ids"
 :logging-json? false
 :start-time
 #object[org.joda.time.DateTime "0x66227940" "2024-08-01T21:23:26.151+02:00"]
 :nemesis-interval 10
 :net
 #object[maelstrom.net$jepsen_net$reify__15251
         "0xba76911"
         "maelstrom.net$jepsen_net$reify__15251@ba76911"]
 :client
 #object[maelstrom.workload.unique_ids$client$reify__20074
         "0xffb8f15"
         "maelstrom.workload.unique_ids$client$reify__20074@ffb8f15"]
 :barrier
 #object[java.util.concurrent.CyclicBarrier
         "0x1a0b51e7"
         "java.util.concurrent.CyclicBarrier@1a0b51e7"]
 :log-stderr false
 :pure-generators true
 :ssh {:dummy? true}
 :rate 1000.0
 :checker
 #object[jepsen.checker$compose$reify__11881
         "0x6f96d39f"
         "jepsen.checker$compose$reify__11881@6f96d39f"]
 :argv
 ("test"
  "-w"
  "unique-ids"
  "--bin"
  "./target/debug/unique_ids"
  "--time-limit"
  "30"
  "--rate"
  "1000"
  "--node-count"
  "3"
  "--availability"
  "total"
  "--nemesis"
  "partition")
 :nemesis
 (jepsen.nemesis.ReflCompose
  {:fm {:start-partition 0,
        :stop-partition 0,
        :kill 1,
        :start 1,
        :pause 1,
        :resume 1},
   :nemeses [#unprintable "jepsen.nemesis.combined$partition_nemesis$reify__16416@5f49c09d"
             #unprintable "jepsen.nemesis.combined$db_nemesis$reify__16397@c197f46"]})
 :nodes ["n0" "n1" "n2"]
 :test-count 1
 :latency {:mean 0, :dist :constant}
 :bin "./target/debug/unique_ids"
 :generator
 (jepsen.generator.TimeLimit
  {:limit 30000000000,
   :cutoff nil,
   :gen (jepsen.generator.Any
         {:gens [(jepsen.generator.OnThreads
                  {:f #{:nemesis},
                   :context-filter #object[jepsen.generator.context$make_thread_filter$lazy_filter__9167
                                           "0x41f05f1"
                                           "jepsen.generator.context$make_thread_filter$lazy_filter__9167@41f05f1"],
                   :gen (jepsen.generator.Stagger
                         {:dt 20000000000,
                          :next-time nil,
                          :gen (jepsen.generator.FlipFlop
                                {:gens [#object[jepsen.nemesis.combined$partition_package$start__16420
                                                "0x57cd5cc9"
                                                "jepsen.nemesis.combined$partition_package$start__16420@57cd5cc9"]
                                        ({:type :info,
                                          :f :stop-partition,
                                          :value nil}
                                         {:type :info,
                                          :f :stop-partition,
                                          :value nil}
                                         {:type :info,
                                          :f :stop-partition,
                                          :value nil}
                                         {:type :info,
                                          :f :stop-partition,
                                          :value nil}
                                         {:type :info,
                                          :f :stop-partition,
                                          :value nil}
                                         {:type :info,
                                          :f :stop-partition,
                                          :value nil}
                                         {:type :info,
                                          :f :stop-partition,
                                          :value nil}
                                         {:type :info,
                                          :f :stop-partition,
                                          :value nil}
                                         ...)],
                                 :i 0})})})
                 (jepsen.generator.OnThreads
                  {:f #jepsen.generator.context.AllBut{:element :nemesis},
                   :context-filter #object[jepsen.generator.context$make_thread_filter$lazy_filter__9167
                                           "0x44f433db"
                                           "jepsen.generator.context$make_thread_filter$lazy_filter__9167@44f433db"],
                   :gen (jepsen.generator.Stagger
                         {:dt 2000000,
                          :next-time nil,
                          :gen (jepsen.generator.Repeat
                                {:remaining -1, :gen {:f :generate}})})})]})})
 :log-net-recv false
 :os
 #object[maelstrom.net$jepsen_os$reify__15254
         "0x38388639"
         "maelstrom.net$jepsen_os$reify__15254@38388639"]
 :time-limit 30
 :workload :unique-ids
 :consistency-models [:strict-serializable]
 :topology :grid}

2024-08-01 21:23:27,333{GMT}	INFO	[jepsen node n0] maelstrom.net: Starting Maelstrom network
2024-08-01 21:23:27,334{GMT}	INFO	[jepsen test runner] jepsen.db: Tearing down DB
2024-08-01 21:23:27,336{GMT}	INFO	[jepsen test runner] jepsen.db: Setting up DB
2024-08-01 21:23:27,337{GMT}	INFO	[jepsen node n2] maelstrom.db: Setting up n2
2024-08-01 21:23:27,337{GMT}	INFO	[jepsen node n1] maelstrom.db: Setting up n1
2024-08-01 21:23:27,338{GMT}	INFO	[jepsen node n2] maelstrom.process: launching ./target/debug/unique_ids []
2024-08-01 21:23:27,338{GMT}	INFO	[jepsen node n1] maelstrom.process: launching ./target/debug/unique_ids []
2024-08-01 21:23:27,338{GMT}	INFO	[jepsen node n0] maelstrom.service: Starting services: (lin-kv lin-tso lww-kv seq-kv)
2024-08-01 21:23:27,340{GMT}	INFO	[jepsen node n0] maelstrom.db: Setting up n0
2024-08-01 21:23:27,341{GMT}	INFO	[jepsen node n0] maelstrom.process: launching ./target/debug/unique_ids []
2024-08-01 21:23:27,359{GMT}	INFO	[jepsen test runner] jepsen.core: Relative time begins now
2024-08-01 21:23:27,368{GMT}	INFO	[jepsen worker nemesis] jepsen.util: :nemesis	:info	:start-partition	:minority-third
2024-08-01 21:23:27,368{GMT}	INFO	[jepsen worker 1] jepsen.util: 1	:invoke	:generate	nil
2024-08-01 21:23:27,368{GMT}	INFO	[jepsen worker 2] jepsen.util: 2	:invoke	:generate	nil
2024-08-01 21:23:27,370{GMT}	INFO	[jepsen worker 0] jepsen.util: 0	:invoke	:generate	nil
2024-08-01 21:23:27,370{GMT}	INFO	[jepsen worker nemesis] jepsen.util: :nemesis	:info	:start-partition	[:isolated {"n2" #{}, "n1" #{}, "n0" #{}}]
2024-08-01 21:23:30,210{GMT}	INFO	[jepsen worker nemesis] jepsen.util: :nemesis	:info	:stop-partition	nil
2024-08-01 21:23:30,210{GMT}	INFO	[jepsen worker nemesis] jepsen.util: :nemesis	:info	:stop-partition	:network-healed
2024-08-01 21:23:32,372{GMT}	INFO	[jepsen worker 2] jepsen.util: 2	:info	:generate	nil	:net-timeout
2024-08-01 21:23:32,372{GMT}	INFO	[jepsen worker 0] jepsen.util: 0	:info	:generate	nil	:net-timeout
2024-08-01 21:23:32,372{GMT}	INFO	[jepsen worker 1] jepsen.util: 1	:info	:generate	nil	:net-timeout
2024-08-01 21:23:32,373{GMT}	INFO	[jepsen worker 1] jepsen.util: 4	:invoke	:generate	nil
2024-08-01 21:23:32,374{GMT}	INFO	[jepsen worker 2] jepsen.util: 5	:invoke	:generate	nil
2024-08-01 21:23:32,375{GMT}	INFO	[jepsen worker 0] jepsen.util: 3	:invoke	:generate	nil
2024-08-01 21:23:37,374{GMT}	INFO	[jepsen worker 1] jepsen.util: 4	:info	:generate	nil	:net-timeout
2024-08-01 21:23:37,375{GMT}	INFO	[jepsen worker 1] jepsen.util: 7	:invoke	:generate	nil
2024-08-01 21:23:37,375{GMT}	INFO	[jepsen worker 2] jepsen.util: 5	:info	:generate	nil	:net-timeout
2024-08-01 21:23:37,375{GMT}	INFO	[jepsen worker 0] jepsen.util: 3	:info	:generate	nil	:net-timeout
2024-08-01 21:23:37,375{GMT}	INFO	[jepsen worker 2] jepsen.util: 8	:invoke	:generate	nil
2024-08-01 21:23:37,378{GMT}	INFO	[jepsen worker 0] jepsen.util: 6	:invoke	:generate	nil
2024-08-01 21:23:42,376{GMT}	INFO	[jepsen worker 1] jepsen.util: 7	:info	:generate	nil	:net-timeout
2024-08-01 21:23:42,377{GMT}	INFO	[jepsen worker 1] jepsen.util: 10	:invoke	:generate	nil
2024-08-01 21:23:42,377{GMT}	INFO	[jepsen worker 2] jepsen.util: 8	:info	:generate	nil	:net-timeout
2024-08-01 21:23:42,377{GMT}	INFO	[jepsen worker 2] jepsen.util: 11	:invoke	:generate	nil
2024-08-01 21:23:42,379{GMT}	INFO	[jepsen worker 0] jepsen.util: 6	:info	:generate	nil	:net-timeout
2024-08-01 21:23:42,379{GMT}	INFO	[jepsen worker 0] jepsen.util: 9	:invoke	:generate	nil
2024-08-01 21:23:47,128{GMT}	INFO	[jepsen worker nemesis] jepsen.util: :nemesis	:info	:start-partition	:majority
2024-08-01 21:23:47,131{GMT}	INFO	[jepsen worker nemesis] jepsen.util: :nemesis	:info	:start-partition	[:isolated {"n0" #{"n2" "n1"}, "n2" #{"n0"}, "n1" #{"n0"}}]
2024-08-01 21:23:47,377{GMT}	INFO	[jepsen worker 1] jepsen.util: 10	:info	:generate	nil	:net-timeout
2024-08-01 21:23:47,377{GMT}	INFO	[jepsen worker 2] jepsen.util: 11	:info	:generate	nil	:net-timeout
2024-08-01 21:23:47,378{GMT}	INFO	[jepsen worker 1] jepsen.util: 13	:invoke	:generate	nil
2024-08-01 21:23:47,379{GMT}	INFO	[jepsen worker 2] jepsen.util: 14	:invoke	:generate	nil
2024-08-01 21:23:47,379{GMT}	INFO	[jepsen worker 0] jepsen.util: 9	:info	:generate	nil	:net-timeout
2024-08-01 21:23:47,379{GMT}	INFO	[jepsen worker 0] jepsen.util: 12	:invoke	:generate	nil
2024-08-01 21:23:52,379{GMT}	INFO	[jepsen worker 1] jepsen.util: 13	:info	:generate	nil	:net-timeout
2024-08-01 21:23:52,380{GMT}	INFO	[jepsen worker 0] jepsen.util: 12	:info	:generate	nil	:net-timeout
2024-08-01 21:23:52,380{GMT}	INFO	[jepsen worker 2] jepsen.util: 14	:info	:generate	nil	:net-timeout
2024-08-01 21:23:52,380{GMT}	INFO	[jepsen worker 1] jepsen.util: 16	:invoke	:generate	nil
2024-08-01 21:23:52,380{GMT}	INFO	[jepsen worker 0] jepsen.util: 15	:invoke	:generate	nil
2024-08-01 21:23:52,382{GMT}	INFO	[jepsen worker 2] jepsen.util: 17	:invoke	:generate	nil
2024-08-01 21:23:57,381{GMT}	INFO	[jepsen worker 1] jepsen.util: 16	:info	:generate	nil	:net-timeout
2024-08-01 21:23:57,382{GMT}	INFO	[jepsen worker 0] jepsen.util: 15	:info	:generate	nil	:net-timeout
2024-08-01 21:23:57,383{GMT}	INFO	[jepsen worker 2] jepsen.util: 17	:info	:generate	nil	:net-timeout
2024-08-01 21:23:57,403{GMT}	INFO	[jepsen test runner] jepsen.core: Run complete, writing
2024-08-01 21:23:57,421{GMT}	INFO	[jepsen node n0] maelstrom.db: Tearing down n0
2024-08-01 21:23:57,421{GMT}	INFO	[jepsen node n1] maelstrom.db: Tearing down n1
2024-08-01 21:23:57,422{GMT}	INFO	[jepsen node n2] maelstrom.db: Tearing down n2
2024-08-01 21:23:59,351{GMT}	INFO	[jepsen node n0] maelstrom.net: Shutting down Maelstrom network
2024-08-01 21:23:59,358{GMT}	INFO	[jepsen test runner] jepsen.core: Analyzing...
2024-08-01 21:23:59,506{GMT}	INFO	[jepsen test runner] jepsen.core: Analysis complete
2024-08-01 21:23:59,510{GMT}	INFO	[jepsen results] jepsen.store: Wrote /home/ramsay/dev/dist-sys/echo/store/unique-ids/20240801T212326.151+0200/results.edn
2024-08-01 21:23:59,528{GMT}	INFO	[jepsen test runner] jepsen.core: {:perf {:latency-graph {:valid? true},
        :rate-graph {:valid? true},
        :valid? true},
 :timeline {:valid? true},
 :exceptions {:valid? true},
 :stats {:valid? false,
         :count 18,
         :ok-count 0,
         :fail-count 0,
         :info-count 18,
         :by-f {:generate {:valid? false,
                           :count 18,
                           :ok-count 0,
                           :fail-count 0,
                           :info-count 18}}},
 :availability {:valid? false, :ok-fraction 0.0},
 :net {:all {:send-count 42,
             :recv-count 42,
             :msg-count 42,
             :msgs-per-op 2.3333333},
       :clients {:send-count 42, :recv-count 42, :msg-count 42},
       :servers {:send-count 0,
                 :recv-count 0,
                 :msg-count 0,
                 :msgs-per-op 0.0},
       :valid? true},
 :workload {:valid? true,
            :attempted-count 18,
            :acknowledged-count 0,
            :duplicated-count 0,
            :duplicated {},
            :range [nil nil]},
 :valid? false}


Analysis invalid! (ﾉಥ益ಥ）ﾉ ┻━┻
